TN:
SF:lib\logger.ts
FN:3,anonymous_0
FN:10,__name
FN:12,__export
FN:16,__copyProps
FN:undefined,get
FN:undefined,__toCommonJS
FN:undefined,logger
FN:undefined,anonymous_7
FN:undefined,anonymous_8
FN:undefined,anonymous_9
FN:undefined,anonymous_10
FNDA:1,anonymous_0
FNDA:4,__name
FNDA:1,__export
FNDA:1,__copyProps
FNDA:4,get
FNDA:1,__toCommonJS
FNDA:4,logger
FNDA:1,anonymous_7
FNDA:1,anonymous_8
FNDA:1,anonymous_9
FNDA:1,anonymous_10
FNF:11
FNH:11
BRDA:1,0,0,1
BRDA:3,1,0,1
BRDA:undefined,2,0,0
BRDA:10,3,0,4
BRDA:12,4,0,1
BRDA:16,5,0,1
BRDA:19,6,0,0
BRDA:undefined,7,0,4
BRDA:undefined,8,0,1
BRDA:undefined,9,0,4
BRDA:undefined,10,0,1
BRDA:undefined,11,0,1
BRDA:undefined,12,0,1
BRDA:undefined,13,0,1
BRF:14
BRH:13
DA:1,1
DA:2,1
DA:3,1
DA:4,1
DA:5,1
DA:6,1
DA:7,1
DA:8,1
DA:9,1
DA:10,1
DA:11,4
DA:12,1
DA:13,1
DA:14,1
DA:15,1
DA:16,1
DA:17,1
DA:18,1
DA:19,1
DA:20,1
DA:21,1
DA:22,1
LH:22
LF:22
end_of_record
