TN:
SF:lib\store.ts
FN:3,anonymous_0
FN:16,__name
FN:19,__export
FN:23,__copyProps
FN:33,get
FN:37,__toCommonJS
FN:43,InMemoryStore
FN:44,store
FN:46,InMemoryStore
FN:47,<static_initializer>
FN:48,createRoom
FN:57,listRooms
FN:60,anonymous_12
FN:61,ingestArticle
FN:83,listArticles
FN:85,anonymous_15
FN:85,getArticle
FN:86,anonymous_17
FN:86,createHighlight
FN:96,listHighlights
FN:99,anonymous_20
FNDA:1,anonymous_0
FNDA:1,__name
FNDA:2,__export
FNDA:2,__copyProps
FNDA:20,get
FNDA:1,__toCommonJS
FNDA:20,InMemoryStore
FNDA:0,store
FNDA:21,InMemoryStore
FNDA:1,<static_initializer>
FNDA:7,createRoom
FNDA:6,listRooms
FNDA:10,anonymous_12
FNDA:17,ingestArticle
FNDA:3,listArticles
FNDA:9,anonymous_15
FNDA:3,getArticle
FNDA:2,anonymous_17
FNDA:8,createHighlight
FNDA:6,listHighlights
FNDA:18,anonymous_20
FNF:21
FNH:20
BRDA:1,0,0,1
BRDA:3,1,0,1
BRDA:100,2,0,0
BRDA:16,3,0,1
BRDA:19,4,0,1
BRDA:21,5,0,2
BRDA:23,6,0,1
BRDA:25,7,0,0
BRDA:29,8,0,2
BRDA:33,9,0,20
BRDA:37,10,0,1
BRDA:43,11,0,20
BRDA:46,12,0,21
BRDA:47,13,0,1
BRDA:48,14,0,7
BRDA:57,15,0,6
BRDA:60,16,0,10
BRDA:61,17,0,17
BRDA:67,18,0,15
BRDA:71,19,0,15
BRDA:75,20,0,2
BRDA:76,21,0,15
BRDA:78,22,0,2
BRDA:79,23,0,15
BRDA:83,24,0,3
BRDA:85,25,0,9
BRDA:85,26,0,3
BRDA:86,27,0,2
BRDA:86,28,0,1
BRDA:86,29,0,8
BRDA:96,30,0,6
BRDA:99,31,0,18
BRDA:100,32,0,12
BRDA:100,33,0,9
BRF:34
BRH:32
DA:1,1
DA:2,1
DA:3,1
DA:4,1
DA:5,1
DA:6,1
DA:7,1
DA:8,1
DA:9,1
DA:10,1
DA:11,1
DA:12,1
DA:13,1
DA:14,1
DA:15,1
DA:16,1
DA:17,1
DA:18,1
DA:19,1
DA:20,1
DA:21,1
DA:22,1
DA:23,1
DA:24,1
DA:25,1
DA:26,1
DA:27,1
DA:28,1
DA:29,1
DA:30,2
DA:31,2
DA:32,2
DA:33,2
DA:34,2
DA:35,2
DA:36,1
DA:37,1
DA:38,1
DA:39,1
DA:40,1
DA:41,1
DA:42,1
DA:43,1
DA:44,1
DA:45,1
DA:46,1
DA:47,1
DA:48,1
DA:49,7
DA:50,7
DA:51,7
DA:52,7
DA:53,7
DA:54,7
DA:55,7
DA:56,7
DA:57,1
DA:58,6
DA:59,6
DA:60,6
DA:61,1
DA:62,17
DA:63,17
DA:64,17
DA:65,17
DA:66,17
DA:67,17
DA:68,17
DA:69,17
DA:70,17
DA:71,17
DA:72,17
DA:73,17
DA:74,17
DA:75,17
DA:76,17
DA:77,17
DA:78,17
DA:79,17
DA:80,17
DA:81,17
DA:82,17
DA:83,1
DA:84,3
DA:85,1
DA:86,1
DA:87,8
DA:88,8
DA:89,8
DA:90,8
DA:91,8
DA:92,8
DA:93,8
DA:94,8
DA:95,8
DA:96,1
DA:97,6
DA:98,6
DA:99,6
DA:100,1
DA:101,0
DA:102,0
DA:103,1
DA:104,1
DA:105,1
DA:106,1
DA:107,1
DA:108,1
DA:109,1
DA:110,1
DA:111,1
DA:112,1
DA:113,1
DA:114,1
DA:115,1
DA:116,1
DA:117,1
DA:118,1
DA:119,1
DA:120,1
DA:121,1
DA:122,1
DA:123,1
DA:124,1
DA:125,1
LH:123
LF:125
end_of_record
